<?xml version="1.0" encoding="UTF-8"?>
<!-- Generated by org.testng.reporters.JUnitReportReporter -->
<testsuite skipped="0" hostname="wangmengleideMacBook-Pro.local" name="myg.mya.App" tests="1" failures="0" timestamp="18 八月 2018 09:51:50 GMT" time="0.003" errors="0">
  <testcase name="App" time="0.003" classname="myg.mya.App"/>
</testsuite> <!-- myg.mya.App -->
